<?xml version="1.0" encoding="UTF-8"?>
<!-- Generated by org.testng.reporters.JUnitReportReporter -->
<testsuite hostname="Annapurna" failures="0" tests="1" name="guru99.Day3" time="12.911" errors="0" timestamp="2024-07-18T17:41:31 IST" skipped="0">
  <testcase classname="guru99.Day3" name="f" time="12.911"/>
</testsuite> <!-- guru99.Day3 -->
